[    0.000000] Linux version 4.15.0-142-generic (buildd@lgw01-amd64-036) (gcc version 7.5.0 (Ubuntu 7.5.0-3ubuntu1~18.04)) #146-Ubuntu SMP Tue Apr 13 01:11:19 UTC 2021 (Ubuntu 4.15.0-142.146-generic 4.15.18)
[    0.000000] Command line: BOOT_IMAGE=/boot/vmlinuz-4.15.0-142-generic root=LABEL=cloudimg-rootfs ro console=tty1 console=ttyS0
[    0.000000] KERNEL supported cpus:
[    0.000000]   Intel GenuineIntel
[    0.000000]   AMD AuthenticAMD
[    0.000000]   Centaur CentaurHauls
[    0.000000] x86/fpu: x87 FPU will use FXSAVE
[    0.000000] e820: BIOS-provided physical RAM map:
[    0.000000] BIOS-e820: [mem 0x0000000000000000-0x000000000009fbff] usable
[    0.000000] BIOS-e820: [mem 0x000000000009fc00-0x000000000009ffff] reserved
[    0.000000] BIOS-e820: [mem 0x00000000000f0000-0x00000000000fffff] reserved
[    0.000000] BIOS-e820: [mem 0x0000000000100000-0x000000007ffeffff] usable
[    0.000000] BIOS-e820: [mem 0x000000007fff0000-0x000000007fffffff] ACPI data
[    0.000000] BIOS-e820: [mem 0x00000000fec00000-0x00000000fec00fff] reserved
[    0.000000] BIOS-e820: [mem 0x00000000fee00000-0x00000000fee00fff] reserved
[    0.000000] BIOS-e820: [mem 0x00000000fffc0000-0x00000000ffffffff] reserved
[    0.000000] NX (Execute Disable) protection: active
[    0.000000] SMBIOS 2.5 present.
[    0.000000] DMI: innotek GmbH VirtualBox/VirtualBox, BIOS VirtualBox 12/01/2006
[    0.000000] Hypervisor detected: KVM
[    0.000000] e820: last_pfn = 0x7fff0 max_arch_pfn = 0x400000000
[    0.000000] MTRR: Disabled
[    0.000000] x86/PAT: MTRRs disabled, skipping PAT initialization too.
[    0.000000] CPU MTRRs all blank - virtualized system.
[    0.000000] x86/PAT: Configuration [0-7]: WB  WT  UC- UC  WB  WT  UC- UC  
[    0.000000] found SMP MP-table at [mem 0x0009fff0-0x0009ffff]
[    0.000000] Scanning 1 areas for low memory corruption
[    0.000000] RAMDISK: [mem 0x359d1000-0x36cdffff]
[    0.000000] ACPI: Early table checksum verification disabled
[    0.000000] ACPI: RSDP 0x00000000000E0000 000024 (v02 VBOX  )
[    0.000000] ACPI: XSDT 0x000000007FFF0030 00003C (v01 VBOX   VBOXXSDT 00000001 ASL  00000061)
[    0.000000] ACPI: FACP 0x000000007FFF00F0 0000F4 (v04 VBOX   VBOXFACP 00000001 ASL  00000061)
[    0.000000] ACPI: DSDT 0x000000007FFF0470 002325 (v02 VBOX   VBOXBIOS 00000002 INTL 20100528)
[    0.000000] ACPI: FACS 0x000000007FFF0200 000040
[    0.000000] ACPI: FACS 0x000000007FFF0200 000040
[    0.000000] ACPI: APIC 0x000000007FFF0240 00005C (v02 VBOX   VBOXAPIC 00000001 ASL  00000061)
[    0.000000] ACPI: SSDT 0x000000007FFF02A0 0001CC (v01 VBOX   VBOXCPUT 00000002 INTL 20100528)
[    0.000000] No NUMA configuration found
[    0.000000] Faking a node at [mem 0x0000000000000000-0x000000007ffeffff]
[    0.000000] NODE_DATA(0) allocated [mem 0x7ffc5000-0x7ffeffff]
[    0.000000] kvm-clock: cpu 0, msr 0:7ff44001, primary cpu clock
[    0.000000] kvm-clock: Using msrs 4b564d01 and 4b564d00
[    0.000000] kvm-clock: using sched offset of 4928080960 cycles
[    0.000000] clocksource: kvm-clock: mask: 0xffffffffffffffff max_cycles: 0x1cd42e4dffb, max_idle_ns: 881590591483 ns
[    0.000000] Zone ranges:
[    0.000000]   DMA      [mem 0x0000000000001000-0x0000000000ffffff]
[    0.000000]   DMA32    [mem 0x0000000001000000-0x000000007ffeffff]
[    0.000000]   Normal   empty
[    0.000000]   Device   empty
[    0.000000] Movable zone start for each node
[    0.000000] Early memory node ranges
[    0.000000]   node   0: [mem 0x0000000000001000-0x000000000009efff]
[    0.000000]   node   0: [mem 0x0000000000100000-0x000000007ffeffff]
[    0.000000] Reserved but unavailable: 98 pages
[    0.000000] Initmem setup node 0 [mem 0x0000000000001000-0x000000007ffeffff]
[    0.000000] ACPI: PM-Timer IO Port: 0x4008
[    0.000000] IOAPIC[0]: apic_id 2, version 32, address 0xfec00000, GSI 0-23
[    0.000000] ACPI: INT_SRC_OVR (bus 0 bus_irq 0 global_irq 2 dfl dfl)
[    0.000000] ACPI: INT_SRC_OVR (bus 0 bus_irq 9 global_irq 9 low level)
[    0.000000] Using ACPI (MADT) for SMP configuration information
[    0.000000] smpboot: Allowing 2 CPUs, 0 hotplug CPUs
[    0.000000] PM: Registered nosave memory: [mem 0x00000000-0x00000fff]
[    0.000000] PM: Registered nosave memory: [mem 0x0009f000-0x0009ffff]
[    0.000000] PM: Registered nosave memory: [mem 0x000a0000-0x000effff]
[    0.000000] PM: Registered nosave memory: [mem 0x000f0000-0x000fffff]
[    0.000000] e820: [mem 0x80000000-0xfebfffff] available for PCI devices
[    0.000000] Booting paravirtualized kernel on KVM
[    0.000000] clocksource: refined-jiffies: mask: 0xffffffff max_cycles: 0xffffffff, max_idle_ns: 7645519600211568 ns
[    0.000000] random: get_random_bytes called from start_kernel+0x99/0x500 with crng_init=0
[    0.000000] setup_percpu: NR_CPUS:8192 nr_cpumask_bits:2 nr_cpu_ids:2 nr_node_ids:1
[    0.000000] percpu: Embedded 45 pages/cpu s147456 r8192 d28672 u1048576
[    0.000000] PV qspinlock hash table entries: 256 (order: 0, 4096 bytes)
[    0.000000] Built 1 zonelists, mobility grouping on.  Total pages: 515961
[    0.000000] Policy zone: DMA32
[    0.000000] Kernel command line: BOOT_IMAGE=/boot/vmlinuz-4.15.0-142-generic root=LABEL=cloudimg-rootfs ro console=tty1 console=ttyS0
[    0.000000] Memory: 2014916K/2096696K available (12300K kernel code, 2483K rwdata, 4316K rodata, 2444K init, 2724K bss, 81780K reserved, 0K cma-reserved)
[    0.000000] SLUB: HWalign=64, Order=0-3, MinObjects=0, CPUs=2, Nodes=1
[    0.000000] Kernel/User page tables isolation: enabled
[    0.000000] ftrace: allocating 39434 entries in 155 pages
[    0.004000] Hierarchical RCU implementation.
[    0.004000] 	RCU restricting CPUs from NR_CPUS=8192 to nr_cpu_ids=2.
[    0.004000] 	Tasks RCU enabled.
[    0.004000] RCU: Adjusting geometry for rcu_fanout_leaf=16, nr_cpu_ids=2
[    0.004000] NR_IRQS: 524544, nr_irqs: 440, preallocated irqs: 16
[    0.004000] Console: colour VGA+ 80x25
[    0.004000] console [tty1] enabled
[    0.004000] console [ttyS0] enabled
[    0.004000] ACPI: Core revision 20170831
[    0.004000] ACPI: 2 ACPI AML tables successfully acquired and loaded
[    0.004000] APIC: Switch to symmetric I/O mode setup
[    0.004000] ..TIMER: vector=0x30 apic1=0 pin1=2 apic2=-1 pin2=-1
[    0.004000] tsc: Detected 3399.994 MHz processor
[    0.004010] Calibrating delay loop (skipped) preset value.. 6799.98 BogoMIPS (lpj=13599976)
[    0.008003] pid_max: default: 32768 minimum: 301
[    0.012062] Security Framework initialized
[    0.014894] Yama: becoming mindful.
[    0.016086] AppArmor: AppArmor initialized
[    0.034570] Dentry cache hash table entries: 262144 (order: 9, 2097152 bytes)
[    0.044806] Inode-cache hash table entries: 131072 (order: 8, 1048576 bytes)
[    0.048147] Mount-cache hash table entries: 4096 (order: 3, 32768 bytes)
[    0.056136] Mountpoint-cache hash table entries: 4096 (order: 3, 32768 bytes)
[    0.061096] Last level iTLB entries: 4KB 1024, 2MB 1024, 4MB 1024
[    0.064012] Last level dTLB entries: 4KB 1024, 2MB 1024, 4MB 1024, 1GB 4
[    0.068004] Spectre V1 : Mitigation: usercopy/swapgs barriers and __user pointer sanitization
[    0.072003] Spectre V2 : Mitigation: Full generic retpoline
[    0.076002] Spectre V2 : Spectre v2 / SpectreRSB mitigation: Filling RSB on context switch
[    0.080002] Speculative Store Bypass: Vulnerable
[    0.084043] MDS: Mitigation: Clear CPU buffers
[    0.088143] Freeing SMP alternatives memory: 36K
[    0.214256] APIC calibration not consistent with PM-Timer: 102ms instead of 100ms
[    0.216000] APIC delta adjusted to PM-Timer: 6402593 (6580727)
[    0.216433] smpboot: CPU0: Intel(R) Xeon(R) CPU E3-1240 v3 @ 3.40GHz (family: 0x6, model: 0x3c, stepping: 0x3)
[    0.220577] Performance Events: unsupported p6 CPU model 60 no PMU driver, software events only.
[    0.224116] Hierarchical SRCU implementation.
[    0.232585] NMI watchdog: Perf event create on CPU 0 failed with -2
[    0.236002] NMI watchdog: Perf NMI watchdog permanently disabled
[    0.240319] smp: Bringing up secondary CPUs ...
[    0.245062] x86: Booting SMP configuration:
[    0.248002] .... node  #0, CPUs:      #1
[    0.004000] kvm-clock: cpu 1, msr 0:7ff44041, secondary cpu clock
[    0.256000] TSC synchronization [CPU#0 -> CPU#1]:
[    0.256000] Measured 82038 cycles TSC warp between CPUs, turning off TSC clock.
[    0.256000] tsc: Marking TSC unstable due to check_tsc_sync_source failed
[    0.260267] smp: Brought up 1 node, 2 CPUs
[    0.264005] smpboot: Max logical packages: 1
[    0.267467] smpboot: Total of 2 processors activated (13599.97 BogoMIPS)
[    0.272912] devtmpfs: initialized
[    0.276108] x86/mm: Memory block size: 128MB
[    0.280573] evm: security.selinux
[    0.283100] evm: security.SMACK64
[    0.284002] evm: security.SMACK64EXEC
[    0.286545] evm: security.SMACK64TRANSMUTE
[    0.288002] evm: security.SMACK64MMAP
[    0.290454] evm: security.apparmor
[    0.292002] evm: security.ima
[    0.294124] evm: security.capability
[    0.296578] clocksource: jiffies: mask: 0xffffffff max_cycles: 0xffffffff, max_idle_ns: 7645041785100000 ns
[    0.300009] futex hash table entries: 512 (order: 3, 32768 bytes)
[    0.304336] pinctrl core: initialized pinctrl subsystem
[    0.308382] RTC time:  7:20:29, date: 05/06/21
[    0.313225] NET: Registered protocol family 16
[    0.316172] audit: initializing netlink subsys (disabled)
[    0.320196] audit: type=2000 audit(1620285635.367:1): state=initialized audit_enabled=0 res=1
[    0.328099] cpuidle: using governor ladder
[    0.332007] cpuidle: using governor menu
[    0.334672] ACPI: bus type PCI registered
[    0.336003] acpiphp: ACPI Hot Plug PCI Controller Driver version: 0.5
[    0.340414] PCI: Using configuration type 1 for base access
[    0.352108] HugeTLB registered 2.00 MiB page size, pre-allocated 0 pages
[    0.360540] ACPI: Added _OSI(Module Device)
[    0.364007] ACPI: Added _OSI(Processor Device)
[    0.366984] ACPI: Added _OSI(3.0 _SCP Extensions)
[    0.368003] ACPI: Added _OSI(Processor Aggregator Device)
[    0.372003] ACPI: Added _OSI(Linux-Dell-Video)
[    0.376003] ACPI: Added _OSI(Linux-Lenovo-NV-HDMI-Audio)
[    0.379495] ACPI: Added _OSI(Linux-HPI-Hybrid-Graphics)
[    0.384136] ACPI: Executed 1 blocks of module-level executable AML code
[    0.392000] ACPI: Interpreter enabled
[    0.392014] ACPI: (supports S0 S5)
[    0.396003] ACPI: Using IOAPIC for interrupt routing
[    0.399710] PCI: Using host bridge windows from ACPI; if necessary, use "pci=nocrs" and report a bug
[    0.400176] ACPI: Enabled 2 GPEs in block 00 to 07
[    0.412445] ACPI: PCI Root Bridge [PCI0] (domain 0000 [bus 00-ff])
[    0.416007] acpi PNP0A03:00: _OSC: OS supports [ASPM ClockPM Segments MSI]
[    0.420637] acpi PNP0A03:00: _OSC: not requesting OS control; OS requires [ExtendedConfig ASPM ClockPM MSI]
[    0.424011] acpi PNP0A03:00: fail to add MMCONFIG information, can't access extended PCI configuration space under this bridge.
[    0.428559] PCI host bridge to bus 0000:00
[    0.432004] pci_bus 0000:00: root bus resource [io  0x0000-0x0cf7 window]
[    0.436004] pci_bus 0000:00: root bus resource [io  0x0d00-0xffff window]
[    0.440013] pci_bus 0000:00: root bus resource [mem 0x000a0000-0x000bffff window]
[    0.444003] pci_bus 0000:00: root bus resource [mem 0x80000000-0xfdffffff window]
[    0.448004] pci_bus 0000:00: root bus resource [bus 00-ff]
[    0.459029] pci 0000:00:01.1: legacy IDE quirk: reg 0x10: [io  0x01f0-0x01f7]
[    0.460019] pci 0000:00:01.1: legacy IDE quirk: reg 0x14: [io  0x03f6]
[    0.464003] pci 0000:00:01.1: legacy IDE quirk: reg 0x18: [io  0x0170-0x0177]
[    0.468003] pci 0000:00:01.1: legacy IDE quirk: reg 0x1c: [io  0x0376]
[    0.549682] pci 0000:00:07.0: quirk: [io  0x4000-0x403f] claimed by PIIX4 ACPI
[    0.564025] pci 0000:00:07.0: quirk: [io  0x4100-0x410f] claimed by PIIX4 SMB
[    0.585752] ACPI: PCI Interrupt Link [LNKA] (IRQs 5 9 10 *11)
[    0.596486] ACPI: PCI Interrupt Link [LNKB] (IRQs 5 9 *10 11)
[    0.608164] ACPI: PCI Interrupt Link [LNKC] (IRQs 5 *9 10 11)
[    0.620207] ACPI: PCI Interrupt Link [LNKD] (IRQs 5 9 10 *11)
[    0.632840] SCSI subsystem initialized
[    0.640227] pci 0000:00:02.0: vgaarb: setting as boot VGA device
[    0.644000] pci 0000:00:02.0: vgaarb: VGA device added: decodes=io+mem,owns=io+mem,locks=none
[    0.664005] pci 0000:00:02.0: vgaarb: bridge control possible
[    0.676003] vgaarb: loaded
[    0.680085] ACPI: bus type USB registered
[    0.692068] usbcore: registered new interface driver usbfs
[    0.708018] usbcore: registered new interface driver hub
[    0.716015] usbcore: registered new device driver usb
[    0.728186] EDAC MC: Ver: 3.0.0
[    0.740348] PCI: Using ACPI for IRQ routing
[    0.748531] NetLabel: Initializing
[    0.756003] NetLabel:  domain hash size = 128
[    0.764003] NetLabel:  protocols = UNLABELED CIPSOv4 CALIPSO
[    0.776022] NetLabel:  unlabeled traffic allowed by default
[    0.788151] clocksource: Switched to clocksource kvm-clock
[    0.861091] VFS: Disk quotas dquot_6.6.0
[    0.864617] VFS: Dquot-cache hash table entries: 512 (order 0, 4096 bytes)
[    0.870283] AppArmor: AppArmor Filesystem Enabled
[    0.874083] pnp: PnP ACPI init
[    0.877963] pnp: PnP ACPI: found 3 devices
[    0.889418] clocksource: acpi_pm: mask: 0xffffff max_cycles: 0xffffff, max_idle_ns: 2085701024 ns
[    0.896004] NET: Registered protocol family 2
[    0.900811] TCP established hash table entries: 16384 (order: 5, 131072 bytes)
[    0.907024] TCP bind hash table entries: 16384 (order: 6, 262144 bytes)
[    0.913626] TCP: Hash tables configured (established 16384 bind 16384)
[    0.919603] UDP hash table entries: 1024 (order: 3, 32768 bytes)
[    0.928533] UDP-Lite hash table entries: 1024 (order: 3, 32768 bytes)
[    0.934493] NET: Registered protocol family 1
[    0.939141] pci 0000:00:00.0: Limiting direct PCI/PCI transfers
[    0.944674] pci 0000:00:01.0: Activating ISA DMA hang workarounds
[    0.949301] pci 0000:00:02.0: Video device with shadowed ROM at [mem 0x000c0000-0x000dffff]
[    0.956322] Unpacking initramfs...
[    1.530906] Freeing initrd memory: 19516K
[    1.534794] clocksource: tsc: mask: 0xffffffffffffffff max_cycles: 0x310248e3744, max_idle_ns: 440795245529 ns
[    1.543458] platform rtc_cmos: registered platform RTC device (no PNP device found)
[    1.550316] Scanning for low memory corruption every 60 seconds
[    1.557952] Initialise system trusted keyrings
[    1.561668] Key type blacklist registered
[    1.565370] workingset: timestamp_bits=36 max_order=19 bucket_order=0
[    1.573342] zbud: loaded
[    1.576882] squashfs: version 4.0 (2009/01/31) Phillip Lougher
[    1.581979] fuse init (API version 7.26)
[    1.602346] Key type asymmetric registered
[    1.605872] Asymmetric key parser 'x509' registered
[    1.609725] Block layer SCSI generic (bsg) driver version 0.4 loaded (major 246)
[    1.615518] io scheduler noop registered
[    1.619505] io scheduler deadline registered
[    1.623965] io scheduler cfq registered (default)
[    1.629170] ACPI: AC Adapter [AC] (on-line)
[    1.633017] input: Power Button as /devices/LNXSYSTM:00/LNXPWRBN:00/input/input0
[    1.638692] ACPI: Power Button [PWRF]
[    1.642171] input: Sleep Button as /devices/LNXSYSTM:00/LNXSLPBN:00/input/input1
[    1.647693] ACPI: Sleep Button [SLPF]
[    1.651897] Serial: 8250/16550 driver, 32 ports, IRQ sharing enabled
[    1.684884] 00:02: ttyS0 at I/O 0x3f8 (irq = 4, base_baud = 115200) is a 16550A
[    1.693140] Linux agpgart interface v0.103
[    1.706310] loop: module loaded
[    1.712381] scsi host0: ata_piix
[    1.715960] scsi host1: ata_piix
[    1.719584] ata1: PATA max UDMA/33 cmd 0x1f0 ctl 0x3f6 bmdma 0xd000 irq 14
[    1.725421] ata2: PATA max UDMA/33 cmd 0x170 ctl 0x376 bmdma 0xd008 irq 15
[    1.731218] libphy: Fixed MDIO Bus: probed
[    1.735508] tun: Universal TUN/TAP device driver, 1.6
[    1.740031] PPP generic driver version 2.4.2
[    1.744293] ehci_hcd: USB 2.0 'Enhanced' Host Controller (EHCI) Driver
[    1.749691] ehci-pci: EHCI PCI platform driver
[    1.753022] ehci-platform: EHCI generic platform driver
[    1.757274] ohci_hcd: USB 1.1 'Open' Host Controller (OHCI) Driver
[    1.761929] ohci-pci: OHCI PCI platform driver
[    1.765363] ohci-platform: OHCI generic platform driver
[    1.769132] uhci_hcd: USB Universal Host Controller Interface driver
[    1.774192] i8042: PNP: PS/2 Controller [PNP0303:PS2K,PNP0f03:PS2M] at 0x60,0x64 irq 1,12
[    1.782653] serio: i8042 KBD port at 0x60,0x64 irq 1
[    1.786988] serio: i8042 AUX port at 0x60,0x64 irq 12
[    1.792184] mousedev: PS/2 mouse device common for all mice
[    1.798598] input: AT Translated Set 2 keyboard as /devices/platform/i8042/serio0/input/input2
[    1.808447] rtc_cmos rtc_cmos: rtc core: registered rtc_cmos as rtc0
[    1.813243] rtc_cmos rtc_cmos: alarms up to one day, 114 bytes nvram
[    1.816783] i2c /dev entries driver
[    1.816783] device-mapper: uevent: version 1.0.3
[    1.825099] device-mapper: ioctl: 4.37.0-ioctl (2017-09-20) initialised: dm-devel@redhat.com
[    1.832364] ledtrig-cpu: registered to indicate activity on CPUs
[    1.838972] NET: Registered protocol family 10
[    1.851412] Segment Routing with IPv6
[    1.855790] NET: Registered protocol family 17
[    1.860554] Key type dns_resolver registered
[    1.864923] mce: Using 0 MCE banks
[    1.867450] RAS: Correctable Errors collector initialized.
[    1.872260] sched_clock: Marking stable (1872204083, 0)->(2843782417, -971578334)
[    1.881994] registered taskstats version 1
[    1.885471] Loading compiled-in X.509 certificates
[    1.921434] Loaded X.509 cert 'Build time autogenerated kernel key: 028139f94c642d40642d50ab098c4e7b0aebaa81'
[    1.930089] Loaded X.509 cert 'Canonical Ltd. Live Patch Signing: 14df34d1a87cf37625abec039ef2bf521249b969'
[    1.939112] Loaded X.509 cert 'Canonical Ltd. Kernel Module Signing: 88f752e560a1e0737e31163a466ad7b70a850c19'
[    1.947523] zswap: loaded using pool lzo/zbud
[    1.962774] Key type big_key registered
[    1.966177] Key type trusted registered
[    1.972494] Key type encrypted registered
[    1.975712] AppArmor: AppArmor sha1 policy hashing enabled
[    1.980511] ima: No TPM chip found, activating TPM-bypass! (rc=-19)
[    1.985218] ima: Allocated hash algorithm: sha1
[    1.989212] evm: HMAC attrs: 0x1
[    1.991870]   Magic number: 5:455:318
[    1.995841] tty tty43: hash matches
[    1.999719] rtc_cmos rtc_cmos: setting system clock to 2021-05-06 07:20:30 UTC (1620285630)
[    2.008304] BIOS EDD facility v0.16 2004-Jun-25, 0 devices found
[    2.012793] EDD information not available.
[    2.020132] Freeing unused kernel image memory: 2444K
[    2.036351] Write protecting the kernel read-only data: 20480k
[    2.043075] Freeing unused kernel image memory: 2008K
[    2.049323] Freeing unused kernel image memory: 1828K
[    2.060740] x86/mm: Checked W+X mappings: passed, no W+X pages found.
[    2.067138] x86/mm: Checking user space page tables
[    2.077017] x86/mm: Checked W+X mappings: passed, no W+X pages found.
Loading, please wait...
starting version 237
[    2.169479] e1000: Intel(R) PRO/1000 Network Driver - version 7.3.21-k8-NAPI
[    2.176301] e1000: Copyright (c) 1999-2006 Intel Corporation.
[    2.182629] Fusion MPT base driver 3.04.20
[    2.185775] Copyright (c) 1999-2008 LSI Corporation
[    2.214875] Fusion MPT SPI Host driver 3.04.20
[    2.416934] input: ImExPS/2 Generic Explorer Mouse as /devices/platform/i8042/serio1/input/input4
[    2.872336] e1000 0000:00:03.0 eth0: (PCI:33MHz:32-bit) 02:11:1d:b6:24:f9
[    2.877746] e1000 0000:00:03.0 eth0: Intel(R) PRO/1000 Network Connection
[    2.886143] e1000 0000:00:03.0 enp0s3: renamed from eth0
[    2.892501] mptbase: ioc0: Initiating bringup
[    3.017444] ioc0: LSI53C1030 A0: Capabilities={Initiator}
[    4.110544] scsi host2: ioc0: LSI53C1030 A0, FwRev=00000000h, Ports=1, MaxQ=256, IRQ=20
[    4.993673] scsi 2:0:0:0: Direct-Access     VBOX     HARDDISK         1.0  PQ: 0 ANSI: 5
[    5.056701] scsi target2:0:0: Beginning Domain Validation
[    5.070188] scsi target2:0:0: Domain Validation skipping write tests
[    5.075242] scsi target2:0:0: Ending Domain Validation
[    5.079925] scsi target2:0:0: asynchronous
[    5.084829] random: fast init done
[    5.088819] scsi 2:0:1:0: Direct-Access     VBOX     HARDDISK         1.0  PQ: 0 ANSI: 5
[    5.124993] scsi target2:0:1: Beginning Domain Validation
[    5.136895] scsi target2:0:1: Domain Validation skipping write tests
[    5.141650] scsi target2:0:1: Ending Domain Validation
[    5.146424] scsi target2:0:1: asynchronous
[    5.164527] sd 2:0:0:0: Attached scsi generic sg0 type 0
[    5.165296] sd 2:0:0:0: [sda] 83886080 512-byte logical blocks: (42.9 GB/40.0 GiB)
[    5.172912] random: systemd-udevd: uninitialized urandom read (16 bytes read)
[    5.176643] sd 2:0:0:0: [sda] Write Protect is off
[    5.183973] random: systemd-udevd: uninitialized urandom read (16 bytes read)
[    5.195646] random: systemd-udevd: uninitialized urandom read (16 bytes read)
[    5.196354] sd 2:0:0:0: [sda] Incomplete mode parameter data
[    5.202225] sd 2:0:1:0: Attached scsi generic sg1 type 0
[    5.207019] sd 2:0:0:0: [sda] Assuming drive cache: write through
[    5.217715] sd 2:0:1:0: [sdb] 20480 512-byte logical blocks: (10.5 MB/10.0 MiB)
[    5.221277]  sda: sda1
[    5.226599] sd 2:0:1:0: [sdb] Write Protect is off
[    5.228933] sd 2:0:0:0: [sda] Attached SCSI disk
[    5.234668] sd 2:0:1:0: [sdb] Incomplete mode parameter data
[    5.239634] sd 2:0:1:0: [sdb] Assuming drive cache: write through
[    5.253951] sd 2:0:1:0: [sdb] Attached SCSI disk
Begin: Loading essential drivers ... [    8.134546] raid6: sse2x1   gen() 148880 MB/s
[    9.133896] raid6: sse2x1   xor() 191943 MB/s
[   11.139305] raid6: sse2x2   gen() 325958 MB/s
[   13.140639] raid6: sse2x2   xor() 210256 MB/s
[   13.206553] raid6: sse2x4   gen() 20338 MB/s
[   13.260271] raid6: sse2x4   xor() 10394 MB/s
[   13.263466] raid6: using algorithm sse2x2 gen() 325958 MB/s
[   13.267862] raid6: .... xor() 210256 MB/s, rmw enabled
[   13.272571] raid6: using ssse3x2 recovery algorithm
[   13.278248] xor: measuring software checksum speed
[   13.389136]    prefetch64-sse: 59170.000 MB/sec
[   13.507307]    generic_sse: 103676.000 MB/sec
[   13.511354] xor: using function: generic_sse (103676.000 MB/sec)
[   13.518914] async_tx: api initialized (async)
done.
Begin: Running /scripts/init-premount ... done.
Begin: Mounting root file system ... Begin: Running /scripts/local-top ... done.
Begin: Running /scripts/local-premount ... [   13.586411] Btrfs loaded, crc32c=crc32c-intel
Scanning for Btrfs filesystems
done.
Warning: fsck not present, so skipping root file system
[   13.645304] EXT4-fs (sda1): mounted filesystem with ordered data mode. Opts: (null)
done.
Begin: Running /scripts/local-bottom ... done.
Begin: Running /scripts/init-bottom ... done.
[   13.931594] ip_tables: (C) 2000-2006 Netfilter Core Team
[   13.978226] systemd[1]: systemd 237 running in system mode. (+PAM +AUDIT +SELINUX +IMA +APPARMOR +SMACK +SYSVINIT +UTMP +LIBCRYPTSETUP +GCRYPT +GNUTLS +ACL +XZ +LZ4 +SECCOMP +BLKID +ELFUTILS +KMOD -IDN2 +IDN -PCRE2 default-hierarchy=hybrid)
[   13.999092] systemd[1]: Detected virtualization oracle.
[   14.004314] systemd[1]: Detected architecture x86-64.

Welcome to [1mUbuntu 18.04.5 LTS[0m!

[   14.041489] systemd[1]: Set hostname to <ubuntu>.
[   14.056576] systemd[1]: Initializing machine ID from random generator.
[   14.061251] systemd[1]: Installed transient /etc/machine-id file.
[   14.501231] systemd[1]: Reached target System Time Synchronized.
[[0;32m  OK  [0m] Reached target System Time Synchronized.
[   14.510372] systemd[1]: Reached target Swap.
[[0;32m  OK  [0m] Reached target Swap.
[   14.527372] systemd[1]: Created slice System Slice.
[[0;32m  OK  [0m] Created slice System Slice.
[   14.535739] systemd[1]: Listening on LVM2 poll daemon socket.
[[0;32m  OK  [0m] Listening on LVM2 poll daemon socket.
[[0;32m  OK  [0m] Listening on udev Control Socket.
[[0;32m  OK  [0m] Listening on Journal Socket.
         Starting Create list of required st…ce nodes for the current kernel...
         Mounting Kernel Debug File System...
         Mounting POSIX Message Queue File System...
[[0;32m  OK  [0m] Listening on LVM2 metadata daemon socket.
[[0;32m  OK  [0m] Listening on udev Kernel Socket.
[[0;32m  OK  [0m] Listening on Syslog Socket.
[[0;32m  OK  [0m] Listening on Device-mapper event daemon FIFOs.
[[0;32m  OK  [0m] Started Forward Password Requests to Wall Directory Watch.
[[0;32m  OK  [0m] Created slice User and Session Slice.
[[0;32m  OK  [0m] Reached target Slices.
         Mounting Huge Pages File System...
[[0;32m  OK  [0m] Created slice system-serial\x2dgetty.slice.
[[0;32m  OK  [0m] Set up automount Arbitrary Executab…rmats File System Automount Point.
         Starting udev Coldplug all Devices...
[[0;32m  OK  [0m] Reached target User and Group Name Lookups.
[[0;32m  OK  [0m] Listening on fsck to fsckd communication Socket.
         Starting File System Check on Root Device...
         Starting Load Kernel Modules...
[[0;32m  OK  [0m] Listening on Journal Socket (/dev/log).
[[0;32m  OK  [0m] Listening on Journal Audit Socket.
         Starting Journal Service...
         Starting Set the console keyboard layout...
         Starting Monitoring of LVM2 mirrors…ng dmeventd or progress polling...
[[0;32m  OK  [0m] Listening on /dev/initctl Compatibility Named Pipe.
         Starting Uncomplicated firewall...
[[0;32m  OK  [0m] Listening on Network Service Netlink Socket.
[[0;32m  OK  [0m] Started Create list of required sta…vice nodes for the current kernel.
[[0;32m  OK  [0m] Mounted Kernel Debug File System.
[[0;32m  OK  [0m] Mounted POSIX Message Queue File System.
[[0;32m  OK  [0m] Mounted Huge Pages File System.
[[0;32m  OK  [0m] Started File System Check on Root Device.
[[0;32m  OK  [0m] Started File System Check Daemon to report status.
         Starting Remount Root and Kernel File Systems...
         Starting Create Static Device Nodes in /dev...[   14.742691] Loading iSCSI transport class v2.0-870.

[[0;32m  OK  [0m] Started udev Coldplug all Devices.
[[0;32m  OK  [0m] Started LVM2 metadata daemon.
[[0;32m  OK  [0m] Started Uncomplicated firewall.
[[0;32m  OK  [0m] Started Journal Service.
[[0;32m  OK  [0m] Started Create Static Device Nodes in /dev.
[   14.869384] iscsi: registered transport (tcp)
[   14.908043] EXT4-fs (sda1): re-mounted. Opts: (null)
[[0;32m  OK  [0m] Started Remount Root and Kernel File Systems.
         Starting Flush Journal to Persistent Storage...
         Starting Load/Save Random Seed...[   14.929376] iscsi: registered transport (iser)

         Starting udev Kernel Device Manager...
[[0;32m  OK  [0m] Started Load Kernel Modules.
[[0;32m  OK  [0m] Started Monitoring of LVM2 mirrors,…sing dmeventd or progress polling.
[[0;32m  OK  [0m] Started Load/Save Random Seed.
         Mounting Kernel Configuration File System...
         Starting Apply Kernel Variables...
         Mounting FUSE Control File System...
[[0;32m  OK  [0m] Mounted Kernel Configuration File System.
[[0;32m  OK  [0m] Mounted FUSE Control File System.
[   15.032982] systemd-journald[397]: Received request to flush runtime journal from PID 1
[[0;32m  OK  [0m] Started udev Kernel Device Manager.
[[0;32m  OK  [0m] Started Set the console keyboard layout.
[[0;32m  OK  [0m] Started Apply Kernel Variables.
[[0;32m  OK  [0m] Reached target Local File Systems (Pre).
[[0;32m  OK  [0m] Reached target Local File Systems.
         Starting Tell Plymouth To Write Out Runtime Data...
         Starting ebtables ruleset management...
         Starting Set console font and keymap...
         Starting Commit a transient machine-id on disk...
         Starting AppArmor initialization...
[[0;32m  OK  [0m] Started Dispatch Password Requests to Console Directory Watch.
[[0;32m  OK  [0m] Reached target Local Encrypted Volumes.
[[0;32m  OK  [0m] Started Flush Journal to Persistent Storage.
[[0;32m  OK  [0m] Started Tell Plymouth To Write Out Runtime Data.
[[0;32m  OK  [0m] Started Set console font and keymap.
         Starting Create Volatile Files and Directories...
[[0;32m  OK  [0m] Started Commit a transient machine-id on disk.
[[0;32m  OK  [0m] Started Create Volatile Files and Directories.
         Starting Update UTMP about System Boot/Shutdown...
[[0;32m  OK  [0m] Started Update UTMP about System Boot/Shutdown.
[[0;32m  OK  [0m] Started ebtables ruleset management.
[[0;32m  OK  [0m] Found device /dev/ttyS0.
[[0;32m  OK  [0m] Listening on Load/Save RF Kill Switch Status /dev/rfkill Watch.
[[0;32m  OK  [0m] Started AppArmor initialization.
         Starting Initial cloud-init job (pre-networking)...
         Starting Load AppArmor profiles managed internally by snapd...
[[0;32m  OK  [0m] Started Load AppArmor profiles managed internally by snapd.
[   17.999110] cloud-init[550]: Cloud-init v. 21.1-19-gbad84ad4-0ubuntu1~18.04.2 running 'init-local' at Thu, 06 May 2021 07:20:46 +0000. Up 17.53 seconds.
[[0;32m  OK  [0m] Started Initial cloud-init job (pre-networking).
[[0;32m  OK  [0m] Reached target Network (Pre).
         Starting Network Service...
[[0;32m  OK  [0m] Started Network Service.
         Starting Network Name Resolution...
         Starting Wait for Network to be Configured...
[[0;32m  OK  [0m] Started Network Name Resolution.
[[0;32m  OK  [0m] Reached target Network.
[[0;32m  OK  [0m] Reached target Host and Network Name Lookups.
[[0;32m  OK  [0m] Started Wait for Network to be Configured.
         Starting Initial cloud-init job (metadata service crawler)...
[   20.643970] cloud-init[689]: Cloud-init v. 21.1-19-gbad84ad4-0ubuntu1~18.04.2 running 'init' at Thu, 06 May 2021 07:20:49 +0000. Up 20.52 seconds.
[   20.648669] cloud-init[689]: ci-info: ++++++++++++++++++++++++++++++++++++++Net device info++++++++++++++++++++++++++++++++++++++
[   20.652879] cloud-init[689]: ci-info: +--------+------+----------------------------+---------------+--------+-------------------+
[   20.656468] cloud-init[689]: ci-info: | Device |  Up  |          Address           |      Mask     | Scope  |     Hw-Address    |
[   20.660430] cloud-init[689]: ci-info: +--------+------+----------------------------+---------------+--------+-------------------+
[   20.664605] cloud-init[689]: ci-info: | enp0s3 | True |         10.0.2.15          | 255.255.255.0 | global | 02:11:1d:b6:24:f9 |
[   20.668447] cloud-init[689]: ci-info: | enp0s3 | True | fe80::11:1dff:feb6:24f9/64 |       .       |  link  | 02:11:1d:b6:24:f9 |
[   20.672356] cloud-init[689]: ci-info: |   lo   | True |         127.0.0.1          |   255.0.0.0   |  host  |         .         |
[   20.676362] cloud-init[689]: ci-info: |   lo   | True |          ::1/128           |       .       |  host  |         .         |
[   20.680444] cloud-init[689]: ci-info: +--------+------+----------------------------+---------------+--------+-------------------+
[   20.684439] cloud-init[689]: ci-info: ++++++++++++++++++++++++++++Route IPv4 info+++++++++++++++++++++++++++++
[   20.687617] cloud-init[689]: ci-info: +-------+-------------+----------+-----------------+-----------+-------+
[   20.690885] cloud-init[689]: ci-info: | Route | Destination | Gateway  |     Genmask     | Interface | Flags |
[   20.694150] cloud-init[689]: ci-info: +-------+-------------+----------+-----------------+-----------+-------+
[   20.697484] cloud-init[689]: ci-info: |   0   |   0.0.0.0   | 10.0.2.2 |     0.0.0.0     |   enp0s3  |   UG  |
[   20.700673] cloud-init[689]: ci-info: |   1   |   10.0.2.0  | 0.0.0.0  |  255.255.255.0  |   enp0s3  |   U   |
[   20.703927] cloud-init[689]: ci-info: |   2   |   10.0.2.2  | 0.0.0.0  | 255.255.255.255 |   enp0s3  |   UH  |
[   20.708389] cloud-init[689]: ci-info: +-------+-------------+----------+-----------------+-----------+-------+
[   20.714832] cloud-init[689]: ci-info: +++++++++++++++++++Route IPv6 info+++++++++++++++++++
[   20.720778] cloud-init[689]: ci-info: +-------+-------------+---------+-----------+-------+
[   20.726050] cloud-init[689]: ci-info: | Route | Destination | Gateway | Interface | Flags |
[   20.732792] cloud-init[689]: ci-info: +-------+-------------+---------+-----------+-------+
[   20.735367] cloud-init[689]: ci-info: |   1   |  fe80::/64  |    ::   |   enp0s3  |   U   |
[   20.738046] cloud-init[689]: ci-info: |   3   |    local    |    ::   |   enp0s3  |   U   |
[   20.740666] cloud-init[689]: ci-info: |   4   |   ff00::/8  |    ::   |   enp0s3  |   U   |
[   20.743389] cloud-init[689]: ci-info: +-------+-------------+---------+-----------+-------+
[   21.686314] cloud-init[689]: Generating public/private rsa key pair.
[   21.691522] cloud-init[689]: Your identification has been saved in /etc/ssh/ssh_host_rsa_key.
[   21.696865] cloud-init[689]: Your public key has been saved in /etc/ssh/ssh_host_rsa_key.pub.
[   21.701976] cloud-init[689]: The key fingerprint is:
[   21.706216] cloud-init[689]: SHA256:LqMRRlYlnF/DP/Lu2cyE4ehUDR/gcEE9ZxEWo17xZz4 root@ubuntu-bionic
[   21.711567] cloud-init[689]: The key's randomart image is:
[   21.715929] cloud-init[689]: +---[RSA 2048]----+
[   21.720043] cloud-init[689]: |     .oo....=o B+|
[   21.724453] cloud-init[689]: |     .o.  ++ .= *|
[   21.728775] cloud-init[689]: |    o  . . oo..=+|
[   21.732846] cloud-init[689]: |   o    . . ++.+.|[
[   21.737538] cloud-init[689]: |    o   S  ooooE.|
[   21.737741] cloud-init[689]: |   . . .   +.o  .|
[   21.737784] cloud-init[689]: |    . o . o.o .  |
[   21.738266] cloud-init[689]: |     o o o  .*   |
[   21.738618] cloud-init[689]: |    .     ..o +  |
[   21.738975] cloud-init[689]: +----[SHA256]-----+
[   21.739387] cloud-init[689]: Generating public/private dsa key pair.
[   21.739737] cloud-init[689]: Your identification has been saved in /etc/ssh/ssh_host_dsa_key.
[   21.740263] cloud-init[689]: Your public key has been saved in /etc/ssh/ssh_host_dsa_key.pub.
[   21.740530] cloud-init[689]: The key fingerprint is:
[   21.740881] cloud-init[689]: SHA256:OeESV8X/AE6YX6j34JVrFBUHXLOcwG9Nm2ghNAldtJA root@ubuntu-bionic
[   21.741366] cloud-init[689]: The key's randomart image is:
[   21.741718] cloud-init[689]: +---[DSA 1024]----+
[   21.742095] cloud-init[689]: |         .=OB*.*=|
[   21.742449] cloud-init[689]: |         .oEBoB *|
[   21.742801] cloud-init[689]: |      . o  =.=+B+|
[   21.743170] cloud-init[689]: |       + o. =o*=.|
[   21.743523] cloud-init[689]: |      . S  o.=.+ |
[   21.743881] cloud-init[689]: |       . .  . + .|
[   21.744682] cloud-init[689]: |             .   |
[   21.745082] cloud-init[689]: |                 |
[   21.745431] cloud-init[689]: |                 |
[   21.745788] cloud-init[689]: +----[SHA256]-----+
[   21.746207] cloud-init[689]: Generating public/private ecdsa key pair.
[   21.746558] cloud-init[689]: Your identification has been saved in /etc/ssh/ssh_host_ecdsa_key.
[   21.746927] cloud-init[689]: Your public key has been saved in /etc/ssh/ssh_host_ecdsa_key.pub.
[   21.747282] cloud-init[689]: The key fingerprint is:
[   21.747631] cloud-init[689]: SHA256:LYmHIfaBxXWlSpNiW7xs0meRQJXzm3G+GamHNBQaQWc root@ubuntu-bionic
[   21.748029] cloud-init[689]: The key's randomart image is:
[   21.754668] cloud-init[689]: +---[ECDSA 256]---+
[   21.756740] cloud-init[689]: |     ..o+o=+E    |
[   21.757090] cloud-init[689]: |     o.. ++=.    |
[   21.757441] cloud-init[689]: |    + = * += .   |
[   21.757809] cloud-init[689]: |   . + % *..+ .  |
[   21.758159] cloud-init[689]: |      * S +. * . |
[   21.758520] cloud-init[689]: |       + +  = +  |
[   21.758891] cloud-init[689]: |           . + + |
[   21.759242] cloud-init[689]: |            o +  |
[   21.759604] cloud-init[689]: |             .   |
[   21.760061] cloud-init[689]: +----[SHA256]-----+
[   21.760851] cloud-init[689]: Generating public/private ed25519 key pair.
[   21.761211] cloud-init[689]: Your identification has been saved in /etc/ssh/ssh_host_ed25519_key.
[   21.761578] cloud-init[689]: Your public key has been saved in /etc/ssh/ssh_host_ed25519_key.pub.
[   21.762024] cloud-init[689]: The key fingerprint is:
[   21.762485] cloud-init[689]: SHA256:op1v8g+ZrSdrvjOR8+CpqM5eDlt5B3Q0ElHdYADiihM root@ubuntu-bionic
[   21.762963] cloud-init[689]: The key's randomart image is:
[   21.763398] cloud-init[689]: +--[ED25519 256]--+
[   21.763764] cloud-init[689]: |    . ===ooo     |
[   21.764123] cloud-init[689]: |   . . o o. .    |
[   21.764564] cloud-init[689]: |E   . . .        |
[   21.764918] cloud-init[689]: | o . . .         |
[   21.765281] cloud-init[689]: |o .   o S.       |
[   21.765673] cloud-init[689]: | .   + +=+       |
[   21.766021] cloud-init[689]: |  . = +.=*.      |
[   21.766380] cloud-init[689]: | . * o.oOoo      |
[   21.766788] cloud-init[689]: | o*.o .BBO.      |
[   21.767109] cloud-init[689]: +----[SHA256]-----+
[0;32m  OK  [0m] Started Initial cloud-init job (metadata service crawler).
[[0;32m  OK  [0m] Reached target System Initialization.
[[0;32m  OK  [0m] Started Message of the Day.
[[0;32m  OK  [0m] Listening on D-Bus System Message Bus Socket.
         Starting Socket activation for snappy daemon.
[[0;32m  OK  [0m] Started ACPI Events Check.
[[0;32m  OK  [0m] Listening on UUID daemon activation socket.
[[0;32m  OK  [0m] Started Daily apt download activities.
[[0;32m  OK  [0m] Started Daily apt upgrade and clean activities.
[[0;32m  OK  [0m] Started Discard unused blocks once a week.
[[0;32m  OK  [0m] Started Daily Cleanup of Temporary Directories.
[[0;32m  OK  [0m] Listening on Open-iSCSI iscsid Socket.
[[0;32m  OK  [0m] Listening on ACPID Listen Socket.
[[0;32m  OK  [0m] Reached target Timers.
         Starting LXD - unix socket.
[[0;32m  OK  [0m] Reached target Paths.
[[0;32m  OK  [0m] Reached target Cloud-config availability.
[[0;32m  OK  [0m] Reached target Network is Online.
[[0;32m  OK  [0m] Reached target Remote File Systems (Pre).
[[0;32m  OK  [0m] Reached target Remote File Systems.
         Starting Availability of block devices...
[[0;32m  OK  [0m] Listening on Socket activation for snappy daemon.
[[0;32m  OK  [0m] Listening on LXD - unix socket.
[[0;32m  OK  [0m] Started Availability of block devices.
[[0;32m  OK  [0m] Reached target Sockets.
[[0;32m  OK  [0m] Reached target Basic System.
[[0;32m  OK  [0m] Started D-Bus System Message Bus.
         Starting LXD - container startup/shutdown...
         Starting Permit User Sessions...
         Starting System Logging Service...
[[0;32m  OK  [0m] Started irqbalance daemon.
[[0;32m  OK  [0m] Started FUSE filesystem for LXC.
         Starting Accounts Service...
         Starting Login Service...
[[0;32m  OK  [0m] Started Deferred execution scheduler.
         Starting LSB: Record successful boot for GRUB...
         Starting Virtualbox guest utils...
[[0;32m  OK  [0m] Started Regular background program processing daemon.
         Starting Dispatcher daemon for systemd-networkd...
         Starting LSB: automatic crash report generation...
         Starting Pollinate to seed the pseudo random number generator...
         Starting Snap Daemon...
[[0;32m  OK  [0m] Started System Logging Service.
[[0;32m  OK  [0m] Started LXD - container startup/shutdown.
[[0;32m  OK  [0m] Started Permit User Sessions.
[[0;32m  OK  [0m] Started Login Service.
[[0;32m  OK  [0m] Started Unattended Upgrades Shutdown.
         Starting Authorization Manager...
         Starting Terminate Plymouth Boot Screen...
         Starting Hold until boot process finishes up...
[[0;32m  OK  [0m] Started Hold until boot process finishes up.
[[0;32m  OK  [0m] Started Serial Getty on ttyS0.
         Starting Set console scheme...
[[0;32m  OK  [0m] Started LSB: automatic crash report generation.
[[0;32m  OK  [0m] Started Terminate Plymouth Boot Screen.
[[0;32m  OK  [0m] Started Set console scheme.
[[0;32m  OK  [0m] Created slice system-getty.slice.
[[0;32m  OK  [0m] Started Getty on tty1.
[[0;32m  OK  [0m] Reached target Login Prompts.
[[0;32m  OK  [0m] Started LSB: Record successful boot for GRUB.
[[0;32m  OK  [0m] Started Authorization Manager.
[[0;32m  OK  [0m] Started Accounts Service.
[[0;32m  OK  [0m] Started Virtualbox guest utils.
[[0;32m  OK  [0m] Started Dispatcher daemon for systemd-networkd.
[[0;32m  OK  [0m] Started Snap Daemon.
         Starting Wait until snapd is fully seeded...
[[0;32m  OK  [0m] Started Wait until snapd is fully seeded.
         Starting Apply the settings specified in cloud-config...
[   25.283473] cloud-init[1186]: Cloud-init v. 21.1-19-gbad84ad4-0ubuntu1~18.04.2 running 'modules:config' at Thu, 06 May 2021 07:20:53 +0000. Up 24.60 seconds.
[[0;32m  OK  [0m] Started Apply the settings specified in cloud-config.

Ubuntu 18.04.5 LTS ubuntu-bionic ttyS0

ubuntu-bionic login: ci-info: no authorized SSH keys fingerprints found for user ubuntu.
<14>May  6 07:20:58 ec2: 
<14>May  6 07:20:58 ec2: #############################################################
<14>May  6 07:20:58 ec2: -----BEGIN SSH HOST KEY FINGERPRINTS-----
<14>May  6 07:20:58 ec2: 1024 SHA256:OeESV8X/AE6YX6j34JVrFBUHXLOcwG9Nm2ghNAldtJA root@ubuntu-bionic (DSA)
<14>May  6 07:20:58 ec2: 256 SHA256:LYmHIfaBxXWlSpNiW7xs0meRQJXzm3G+GamHNBQaQWc root@ubuntu-bionic (ECDSA)
<14>May  6 07:20:58 ec2: 256 SHA256:op1v8g+ZrSdrvjOR8+CpqM5eDlt5B3Q0ElHdYADiihM root@ubuntu-bionic (ED25519)
<14>May  6 07:20:58 ec2: 2048 SHA256:LqMRRlYlnF/DP/Lu2cyE4ehUDR/gcEE9ZxEWo17xZz4 root@ubuntu-bionic (RSA)
<14>May  6 07:20:58 ec2: -----END SSH HOST KEY FINGERPRINTS-----
<14>May  6 07:20:58 ec2: #############################################################
-----BEGIN SSH HOST KEY KEYS-----
ecdsa-sha2-nistp256 AAAAE2VjZHNhLXNoYTItbmlzdHAyNTYAAAAIbmlzdHAyNTYAAABBBPyvIGzH059P8Izgc2Xuh4apYF1YiX1/jm8WBK3xEcE/SCGdc/jLjKEde5PdmWAYiVVOCcvN1CwKxoAyaQ2An7w= root@ubuntu-bionic
ssh-ed25519 AAAAC3NzaC1lZDI1NTE5AAAAIOdy+d6lT8K9aDq7gpr8tE5tQkoaA9uUJf8LZTXw4I8D root@ubuntu-bionic
ssh-rsa AAAAB3NzaC1yc2EAAAADAQABAAABAQDGPMmw4Zob0bT7E/vm2fRvv8JBX4rRoUaqghQRnFTMZHay6WBFkMSwFRCfl47vWbU+C7FU4hfJLy09yPStLcN0HtFZf2htlr1QH8H0r3OGTVCJdGEBnqGkYonLEMDwVoKJmjmj37AJLsqZG8cr3n3hZNGkJvWjQR9tQ3N+ONK2UiClFJ79Z8Ef+ySq/d8bh+foM+nUUV6HWPTzjOgmcgMfniUANrh0T29BQ0LUYigEQ3898eNBPzY3U1Kk1108x4PM6kBfpXqh322HrdYzz8DQJ4Xq6T6LIBgMawYpEe+Evsktm9gO59o5CCa0KSD37N8Wozkmk0CG3R3xj5T4smsb root@ubuntu-bionic
-----END SSH HOST KEY KEYS-----
[   30.095272] cloud-init[1313]: Cloud-init v. 21.1-19-gbad84ad4-0ubuntu1~18.04.2 running 'modules:final' at Thu, 06 May 2021 07:20:58 +0000. Up 29.84 seconds.
[   30.104058] cloud-init[1313]: ci-info: no authorized SSH keys fingerprints found for user ubuntu.
[   30.115052] cloud-init[1313]: Cloud-init v. 21.1-19-gbad84ad4-0ubuntu1~18.04.2 finished at Thu, 06 May 2021 07:20:58 +0000. Datasource DataSourceNoCloud [seed=/dev/sdb][dsmode=net].  Up 30.05 seconds
